<?xml version="1.0" encoding="UTF-8"?>
<!-- Generated by org.testng.reporters.JUnitReportReporter -->
<testsuite hostname="LPBIHSIND0964" failures="0" tests="1" name="com.OMD.SO.TC_004_SalesOrderTest" time="173.518" errors="0" timestamp="2022-11-29T18:17:49 IST" skipped="0">
  <testcase classname="com.OMD.SO.TC_004_SalesOrderTest" name="create_sales_orderTest" time="173.518"/>
  <system-out>
    <![CDATA[-Test case Id: xxxx
Step:1 S.O is Created Successfully
Step:2 Procurement Verification Done And Verify Passed
Step:3 Finance Verification Done And Verify Passed]]>
  </system-out>
</testsuite> <!-- com.OMD.SO.TC_004_SalesOrderTest -->
