<?xml version="1.0" encoding="UTF-8"?>
<!-- Generated by org.testng.reporters.JUnitReportReporter -->
<testsuite hostname="LPBIHSIND0964" failures="0" tests="1" name="com.OMS.TC_001_loginToBrowserTest" time="10.793" errors="0" timestamp="2022-11-25T18:22:01 IST" skipped="0">
  <testcase classname="com.OMS.TC_001_loginToBrowserTest" name="Browser_Login" time="10.793"/>
  <system-out/>
</testsuite> <!-- com.OMS.TC_001_loginToBrowserTest -->
