<?xml version="1.0" encoding="UTF-8"?>
<!-- Generated by org.testng.reporters.JUnitReportReporter -->
<testsuite hostname="LPBIHSIND0964" failures="0" tests="1" name="procurement.fortest" time="6.032" errors="0" timestamp="2022-10-10T18:37:53 IST" skipped="0">
  <testcase classname="procurement.fortest" name="openBrowser" time="6.032"/>
  <system-out/>
</testsuite> <!-- procurement.fortest -->
