<?xml version="1.0" encoding="UTF-8"?>
<!-- Generated by org.testng.reporters.JUnitReportReporter -->
<testsuite hostname="LPBIHSIND0964" failures="0" tests="1" name="OMS.salesOrderTest$Create_MIB_OrderTest" time="172.780" errors="0" timestamp="2022-11-14T16:16:38 IST" skipped="0">
  <testcase classname="OMS.salesOrderTest$Create_MIB_OrderTest" name="create_sales_orderTest" time="172.780"/>
  <system-out>
    <![CDATA[-Test case Id: xxxx
Step:1 S.O is Created Successfully
Step:2 Procurement Verification Done And Verify Passed
Step:3 Finance Verification Done And Verify Passed
Step:4 Pick & Pack Created for S.O
Step:5 Sales Order Shipment created successfully
Step:6 Sales Order Product is Delivered
Step:7 Sales Order Flow Test Script is Passed]]>
  </system-out>
</testsuite> <!-- OMS.salesOrderTest$Create_MIB_OrderTest -->
