<?xml version="1.0" encoding="UTF-8"?>
<!-- Generated by org.testng.reporters.JUnitReportReporter -->
<testsuite hostname="LPBIHSIND0964" failures="0" tests="1" name="OMS.login_to_browserTest" time="2.597" errors="0" timestamp="2022-11-14T17:54:09 IST" skipped="0">
  <testcase classname="OMS.login_to_browserTest" name="Browser_Login" time="2.597"/>
  <system-out/>
</testsuite> <!-- OMS.login_to_browserTest -->
