<?xml version="1.0" encoding="UTF-8"?>
<!-- Generated by org.testng.reporters.JUnitReportReporter -->
<testsuite hostname="LPBIHSIND0964" failures="0" tests="1" name="OMS.Purchase_orderTest" time="39.838" errors="0" timestamp="2022-11-08T16:13:12 IST" skipped="0">
  <testcase classname="OMS.Purchase_orderTest" name="purchase_order" time="39.838"/>
  <system-out>
    <![CDATA[PO ID: PO1047007250
successfully P.O created and Verified Pass ]]>
  </system-out>
</testsuite> <!-- OMS.Purchase_orderTest -->
