<?xml version="1.0" encoding="UTF-8"?>
<!-- Generated by org.testng.reporters.JUnitReportReporter -->
<testsuite hostname="LPBIHSIND0964" failures="0" tests="1" name="com.genericTest.URL_Tamper" time="86.460" errors="0" timestamp="2022-11-23T13:33:36 IST" skipped="0">
  <testcase classname="com.genericTest.URL_Tamper" name="url_temper" time="86.460"/>
  <system-out>
    <![CDATA[1. https://omsupgrade.medikabazaar.com/invoiceview/6666234234 ===> Login OMS
2. https://omsdemo.medikabazaar.com/interbranch ===> Inter Branch Orders | OMS - Medikabazaar
3. https://omsupgrade.medikabazaar.com/changestatu ===> Page Not Found! | OMS - Medikabazaar
4. https://omsupgrade.medikabazaar.com/logout ===> Login OMS
5. https://omsupgrade.medikabazaar.com/budget_quote_details/126123123 ===> Login OMS]]>
  </system-out>
</testsuite> <!-- com.genericTest.URL_Tamper -->
