<?xml version="1.0" encoding="UTF-8"?>
<!-- Generated by org.testng.reporters.JUnitReportReporter -->
<testsuite hostname="LPBIHSIND0964" failures="0" tests="1" name="com.OMS.PO.TC_002_CreatePurchaseOrderTest" time="438.183" errors="0" timestamp="2022-12-08T12:17:47 IST" skipped="0">
  <testcase classname="com.OMS.PO.TC_002_CreatePurchaseOrderTest" name="purchase_order_HappyFlow" time="438.183"/>
  <system-out>
    <![CDATA[Test Case Id: XXXXXX
PO ID: PO1047007637
Step:1 P.O Created Successfully And Verification Passed 
Step:2 P.O Approved By Procurement And Verify Passed 
Step:3 P.O Approved By Finance And Verify Passed 
Step:4 Stock Inwarded Successfully And Verify Passed 
PO ID : PO1047007637 GRN number : GRN08122201363]]>
  </system-out>
</testsuite> <!-- com.OMS.PO.TC_002_CreatePurchaseOrderTest -->
