<?xml version="1.0" encoding="UTF-8"?>
<!-- Generated by org.testng.reporters.JUnitReportReporter -->
<testsuite hostname="LPCFPLINDI5005" failures="0" tests="1" name="com.OMS.Interbranch.TC_006_IB_Test" time="110.717" errors="0" timestamp="2022-11-30T15:12:10 IST" skipped="0">
  <testcase classname="com.OMS.Interbranch.TC_006_IB_Test" name="Create_Interbranch_Test" time="110.717"/>
  <system-out>
    <![CDATA[Step:1 Inter Branch Order Information  Not Updated and Verification Failed
Step:2 Inter Branch Order Not Created and Verification Failed]]>
  </system-out>
</testsuite> <!-- com.OMS.Interbranch.TC_006_IB_Test -->
