<?xml version="1.0" encoding="UTF-8"?>
<!-- Generated by org.testng.reporters.JUnitReportReporter -->
<testsuite hostname="LPBIHSIND0964" failures="0" tests="1" name="com.genericTest.URL_Smoke" time="106.226" errors="0" timestamp="2022-12-06T12:30:50 IST" skipped="0">
  <testcase classname="com.genericTest.URL_Smoke" name="url_temper" time="106.226"/>
  <system-out>
    <![CDATA[45. https://omsdemo.medikabazaar.com/profile/650 ===> Profile | OMS - Medikabazaar
46. https://omsdemo.medikabazaar.com/getstarted ===> Getting Started! | OMS - Medikabazaar]]>
  </system-out>
</testsuite> <!-- com.genericTest.URL_Smoke -->
