<?xml version="1.0" encoding="UTF-8"?>
<!-- Generated by org.testng.reporters.JUnitReportReporter -->
<testsuite hostname="LPBIHSIND0964" failures="0" tests="1" name="OMS.login_to_browser" time="9.114" errors="0" timestamp="2022-11-03T16:57:28 IST" skipped="0">
  <testcase classname="OMS.login_to_browser" name="Browser_Login" time="9.114"/>
  <system-out/>
</testsuite> <!-- OMS.login_to_browser -->
