<?xml version="1.0" encoding="UTF-8"?>
<!-- Generated by org.testng.reporters.JUnitReportReporter -->
<testsuite hostname="LPBIHSIND0964" failures="0" tests="1" name="OMS.Create_MIB_OrderTest" time="174.616" errors="0" timestamp="2022-11-14T09:53:51 IST" skipped="0">
  <testcase classname="OMS.Create_MIB_OrderTest" name="create_MIB_order" time="174.616"/>
  <system-out>
    <![CDATA[Step:1 MIB Order Sent For Approval 
Step:2 MIB Order Budget is Approved 
 Step:3 MIB Order is Created Successfully
Step:4 MIB Order Placed and Verified Pass
Step:5 MIB Order Pick & Pack Successfully Created 
Step:6 MIB Order Shipment created successfully
Step:7 MIB Order Product is Delivered
Step:8 MIB Order Flow Test Script is Passed]]>
  </system-out>
</testsuite> <!-- OMS.Create_MIB_OrderTest -->
